<?xml version="1.0" encoding="UTF-8"?>
<!-- Generated by org.testng.reporters.JUnitReportReporter -->
<testsuite hostname="SSTINDEVLP1071" failures="0" tests="1" name="com.tests.TSForgotPassword" time="2.277" errors="0" timestamp="2022-11-11T10:03:35 IST" skipped="0">
  <testcase classname="com.tests.TSForgotPassword" name="forgotPassword" time="2.277"/>
  <system-out/>
</testsuite> <!-- com.tests.TSForgotPassword -->
