<?xml version="1.0" encoding="UTF-8"?>
<!-- Generated by org.testng.reporters.JUnitReportReporter -->
<testsuite hostname="SSTINDEVLP1071" failures="0" tests="1" name="com.tests.TSAllAppointments" time="12.771" errors="0" timestamp="2022-11-21T18:18:56 IST" skipped="0">
  <testcase classname="com.tests.TSAllAppointments" name="AllAppointmentsDateVerification" time="12.771"/>
  <system-out/>
</testsuite> <!-- com.tests.TSAllAppointments -->
