<?xml version="1.0" encoding="UTF-8"?>
<!-- Generated by org.testng.reporters.JUnitReportReporter -->
<testsuite hostname="SSTINDEVLP1071" failures="0" tests="8" name="com.tests.TSNewAppointment" time="261.749" errors="0" timestamp="2022-12-25T18:01:13 IST" skipped="2">
  <testcase classname="com.tests.TSNewAppointment" name="RejectAppointment" time="58.919"/>
  <system-out/>
  <testcase classname="com.tests.TSNewAppointment" name="AcceptAppointment" time="48.444"/>
  <system-out/>
  <testcase classname="com.tests.TSNewAppointment" name="ReturnAppointment" time="36.036"/>
  <system-out/>
  <testcase classname="com.tests.TSNewAppointment" name="CheckInAppointment" time="35.456"/>
  <system-out/>
  <testcase classname="com.tests.TSNewAppointment" name="CheckOutAndFinaliseAppointment" time="40.501"/>
  <system-out/>
  <testcase classname="com.tests.TSNewAppointment" name="ViewFinancialBreakdown" time="42.393"/>
  <system-out/>
  <testcase classname="com.tests.TSNewAppointment" name="NewAppointment">
    <skipped/>
  </testcase> <!-- NewAppointment -->
  <system-out/>
  <testcase classname="com.tests.TSNewAppointment" name="NewAppointmentRecordAvailabilityByFilter">
    <skipped/>
  </testcase> <!-- NewAppointmentRecordAvailabilityByFilter -->
  <system-out/>
</testsuite> <!-- com.tests.TSNewAppointment -->
