<?xml version="1.0" encoding="UTF-8"?>
<!-- Generated by org.testng.reporters.JUnitReportReporter -->
<testsuite hostname="SSTINADMLP1149" failures="0" tests="1" name="com.tests.Sravani_Interpreter_Offer_Recind" time="13.681" errors="0" timestamp="2023-01-05T16:21:13 IST" skipped="0">
  <testcase classname="com.tests.Sravani_Interpreter_Offer_Recind" name="loginToApplication" time="13.681"/>
  <system-out/>
</testsuite> <!-- com.tests.Sravani_Interpreter_Offer_Recind -->
