<?xml version="1.0" encoding="UTF-8"?>
<!-- Generated by org.testng.reporters.JUnitReportReporter -->
<testsuite hostname="SSTINDEVLP1071" failures="0" tests="8" name="com.tests.TSNewAppRejectAccept" time="57.384" errors="0" timestamp="2022-12-27T20:38:34 IST" skipped="7">
  <testcase classname="com.tests.TSNewAppRejectAccept" name="SelfBookAppointment" time="57.384"/>
  <system-out/>
  <testcase classname="com.tests.TSNewAppRejectAccept" name="ViewFinancialBreakdown">
    <skipped/>
  </testcase> <!-- ViewFinancialBreakdown -->
  <system-out/>
  <testcase classname="com.tests.TSNewAppRejectAccept" name="NewAppointment">
    <skipped/>
  </testcase> <!-- NewAppointment -->
  <system-out/>
  <testcase classname="com.tests.TSNewAppRejectAccept" name="RejectAppointment">
    <skipped/>
  </testcase> <!-- RejectAppointment -->
  <system-out/>
  <testcase classname="com.tests.TSNewAppRejectAccept" name="CheckOutAndFinaliseAppointment">
    <skipped/>
  </testcase> <!-- CheckOutAndFinaliseAppointment -->
  <system-out/>
  <testcase classname="com.tests.TSNewAppRejectAccept" name="CheckInAppointment">
    <skipped/>
  </testcase> <!-- CheckInAppointment -->
  <system-out/>
  <testcase classname="com.tests.TSNewAppRejectAccept" name="AcceptAppointment">
    <skipped/>
  </testcase> <!-- AcceptAppointment -->
  <system-out/>
  <testcase classname="com.tests.TSNewAppRejectAccept" name="ReturnAppointment">
    <skipped/>
  </testcase> <!-- ReturnAppointment -->
  <system-out/>
</testsuite> <!-- com.tests.TSNewAppRejectAccept -->
