<?xml version="1.0" encoding="UTF-8"?>
<!-- Generated by org.testng.reporters.JUnitReportReporter -->
<testsuite hostname="SSTINADMLP1149" failures="0" tests="2" name="com.tests.TSAllAppointments" time="12.340" errors="0" timestamp="2023-01-05T15:48:59 IST" skipped="1">
  <testcase classname="com.tests.TSAllAppointments" name="AllAppointmentsDateVerification" time="12.340"/>
  <system-out/>
  <testcase classname="com.tests.TSAllAppointments" name="NewAppointmentRecordAvailabilityByFilter">
    <skipped/>
  </testcase> <!-- NewAppointmentRecordAvailabilityByFilter -->
  <system-out/>
</testsuite> <!-- com.tests.TSAllAppointments -->
