<?xml version="1.0" encoding="UTF-8"?>
<!-- Generated by org.testng.reporters.JUnitReportReporter -->
<testsuite hostname="SSTINDEVLP1071" failures="0" tests="3" name="com.tests.TSLogin" time="27.919" errors="2" timestamp="2022-11-13T15:26:35 IST" skipped="0">
  <testcase classname="com.tests.TSLogin" name="AllAppointmentsDateVerification" time="12.202"/>
  <system-out/>
  <testcase classname="com.tests.TSLogin" name="signout" time="1.248">
    <error message="element click intercepted: Element &lt;button class=&quot;MuiButtonBase-root MuiIconButton-root MuiIconButton-colorInherit MuiIconButton-sizeSmall css-9ixttz&quot; tabindex=&quot;0&quot; type=&quot;button&quot;&gt;...&lt;/button&gt; is not clickable at point (1481, 63). Other element would receive the click: &lt;div class=&quot;MuiDialog-container MuiDialog-scrollPaper css-16u656j&quot; role=&quot;presentation&quot; tabindex=&quot;-1&quot; style=&quot;transform: none; transition: transform 225ms cubic-bezier(0, 0, 0.2, 1) 0ms;&quot;&gt;...&lt;/div&gt;
  (Session info: chrome=107.0.5304.106)
Build info: version: &#039;4.4.0&#039;, revision: &#039;e5c75ed026a&#039;
System info: host: &#039;SSTINDEVLP1071&#039;, ip: &#039;192.168.1.11&#039;, os.name: &#039;Windows 10&#039;, os.arch: &#039;amd64&#039;, os.version: &#039;10.0&#039;, java.version: &#039;17.0.5&#039;
Driver info: org.openqa.selenium.chrome.ChromeDriver
Command: [19c03b83cea5aa4a69fa42a7e25bb848, clickElement {id=bf7392ca-3001-4ee7-8ab9-ff491080ea64}]
Capabilities {acceptInsecureCerts: false, browserName: chrome, browserVersion: 107.0.5304.106, chrome: {chromedriverVersion: 107.0.5304.62 (1eec40d3a576..., userDataDir: C:\Users\Ashwini.G\AppData\...}, goog:chromeOptions: {debuggerAddress: localhost:55884}, networkConnectionEnabled: false, pageLoadStrategy: normal, platformName: WINDOWS, proxy: Proxy(), se:cdp: ws://localhost:55884/devtoo..., se:cdpVersion: 107.0.5304.106, setWindowRect: true, strictFileInteractability: false, timeouts: {implicit: 0, pageLoad: 300000, script: 30000}, unhandledPromptBehavior: dismiss and notify, webauthn:extension:credBlob: true, webauthn:extension:largeBlob: true, webauthn:virtualAuthenticators: true}
Element: [[ChromeDriver: chrome on WINDOWS (19c03b83cea5aa4a69fa42a7e25bb848)] -&gt; css selector: .MuiButtonBase-root.MuiIconButton-root.MuiIconButton-colorInherit.MuiIconButton-sizeSmall.css-9ixttz]
Session ID: 19c03b83cea5aa4a69fa42a7e25bb848" type="org.openqa.selenium.ElementClickInterceptedException">
      <![CDATA[org.openqa.selenium.ElementClickInterceptedException: element click intercepted: Element <button class="MuiButtonBase-root MuiIconButton-root MuiIconButton-colorInherit MuiIconButton-sizeSmall css-9ixttz" tabindex="0" type="button">...</button> is not clickable at point (1481, 63). Other element would receive the click: <div class="MuiDialog-container MuiDialog-scrollPaper css-16u656j" role="presentation" tabindex="-1" style="transform: none; transition: transform 225ms cubic-bezier(0, 0, 0.2, 1) 0ms;">...</div>
  (Session info: chrome=107.0.5304.106)
Build info: version: '4.4.0', revision: 'e5c75ed026a'
System info: host: 'SSTINDEVLP1071', ip: '192.168.1.11', os.name: 'Windows 10', os.arch: 'amd64', os.version: '10.0', java.version: '17.0.5'
Driver info: org.openqa.selenium.chrome.ChromeDriver
Command: [19c03b83cea5aa4a69fa42a7e25bb848, clickElement {id=bf7392ca-3001-4ee7-8ab9-ff491080ea64}]
Capabilities {acceptInsecureCerts: false, browserName: chrome, browserVersion: 107.0.5304.106, chrome: {chromedriverVersion: 107.0.5304.62 (1eec40d3a576..., userDataDir: C:\Users\Ashwini.G\AppData\...}, goog:chromeOptions: {debuggerAddress: localhost:55884}, networkConnectionEnabled: false, pageLoadStrategy: normal, platformName: WINDOWS, proxy: Proxy(), se:cdp: ws://localhost:55884/devtoo..., se:cdpVersion: 107.0.5304.106, setWindowRect: true, strictFileInteractability: false, timeouts: {implicit: 0, pageLoad: 300000, script: 30000}, unhandledPromptBehavior: dismiss and notify, webauthn:extension:credBlob: true, webauthn:extension:largeBlob: true, webauthn:virtualAuthenticators: true}
Element: [[ChromeDriver: chrome on WINDOWS (19c03b83cea5aa4a69fa42a7e25bb848)] -> css selector: .MuiButtonBase-root.MuiIconButton-root.MuiIconButton-colorInherit.MuiIconButton-sizeSmall.css-9ixttz]
Session ID: 19c03b83cea5aa4a69fa42a7e25bb848
at java.base/jdk.internal.reflect.NativeConstructorAccessorImpl.newInstance0(Native Method)
at java.base/jdk.internal.reflect.NativeConstructorAccessorImpl.newInstance(NativeConstructorAccessorImpl.java:77)
at java.base/jdk.internal.reflect.DelegatingConstructorAccessorImpl.newInstance(DelegatingConstructorAccessorImpl.java:45)
at java.base/java.lang.reflect.Constructor.newInstanceWithCaller(Constructor.java:499)
at java.base/java.lang.reflect.Constructor.newInstance(Constructor.java:480)
at org.openqa.selenium.remote.codec.w3c.W3CHttpResponseCodec.createException(W3CHttpResponseCodec.java:200)
at org.openqa.selenium.remote.codec.w3c.W3CHttpResponseCodec.decode(W3CHttpResponseCodec.java:133)
at org.openqa.selenium.remote.codec.w3c.W3CHttpResponseCodec.decode(W3CHttpResponseCodec.java:53)
at org.openqa.selenium.remote.HttpCommandExecutor.execute(HttpCommandExecutor.java:184)
at org.openqa.selenium.remote.service.DriverCommandExecutor.invokeExecute(DriverCommandExecutor.java:167)
at org.openqa.selenium.remote.service.DriverCommandExecutor.execute(DriverCommandExecutor.java:142)
at org.openqa.selenium.remote.RemoteWebDriver.execute(RemoteWebDriver.java:547)
at org.openqa.selenium.remote.RemoteWebElement.execute(RemoteWebElement.java:257)
at org.openqa.selenium.remote.RemoteWebElement.click(RemoteWebElement.java:78)
at com.utils.SeleniumUIUtils.click(SeleniumUIUtils.java:58)
at com.tests.TSLogin.signout(TSLogin.java:252)
at java.base/jdk.internal.reflect.NativeMethodAccessorImpl.invoke0(Native Method)
at java.base/jdk.internal.reflect.NativeMethodAccessorImpl.invoke(NativeMethodAccessorImpl.java:77)
at java.base/jdk.internal.reflect.DelegatingMethodAccessorImpl.invoke(DelegatingMethodAccessorImpl.java:43)
at java.base/java.lang.reflect.Method.invoke(Method.java:568)
at org.testng.internal.invokers.MethodInvocationHelper.invokeMethod(MethodInvocationHelper.java:139)
at org.testng.internal.invokers.MethodInvocationHelper.invokeMethodConsideringTimeout(MethodInvocationHelper.java:69)
at org.testng.internal.invokers.ConfigInvoker.invokeConfigurationMethod(ConfigInvoker.java:361)
at org.testng.internal.invokers.ConfigInvoker.invokeConfigurations(ConfigInvoker.java:296)
at org.testng.internal.invokers.TestInvoker.runConfigMethods(TestInvoker.java:816)
at org.testng.internal.invokers.TestInvoker.runAfterConfigurations(TestInvoker.java:785)
at org.testng.internal.invokers.TestInvoker.invokeMethod(TestInvoker.java:761)
at org.testng.internal.invokers.TestInvoker.invokeTestMethod(TestInvoker.java:221)
at org.testng.internal.invokers.MethodRunner.runInSequence(MethodRunner.java:50)
at org.testng.internal.invokers.TestInvoker$MethodInvocationAgent.invoke(TestInvoker.java:962)
at org.testng.internal.invokers.TestInvoker.invokeTestMethods(TestInvoker.java:194)
at org.testng.internal.invokers.TestMethodWorker.invokeTestMethods(TestMethodWorker.java:148)
at org.testng.internal.invokers.TestMethodWorker.run(TestMethodWorker.java:128)
at java.base/java.util.concurrent.ThreadPoolExecutor.runWorker(ThreadPoolExecutor.java:1136)
at java.base/java.util.concurrent.ThreadPoolExecutor$Worker.run(ThreadPoolExecutor.java:635)
at java.base/java.lang.Thread.run(Thread.java:833)
]]>
    </error>
  </testcase> <!-- signout -->
  <system-out/>
  <testcase classname="com.tests.TSLogin" name="NewAppointment" time="14.469">
    <error message="element click intercepted: Element &lt;button class=&quot;MuiButtonBase-root MuiIconButton-root MuiIconButton-colorInherit MuiIconButton-sizeSmall css-9ixttz&quot; tabindex=&quot;0&quot; type=&quot;button&quot;&gt;...&lt;/button&gt; is not clickable at point (1481, 63). Other element would receive the click: &lt;div class=&quot;MuiDialog-container MuiDialog-scrollPaper css-16u656j&quot; role=&quot;presentation&quot; tabindex=&quot;-1&quot; style=&quot;transform: none; transition: transform 225ms cubic-bezier(0, 0, 0.2, 1) 0ms;&quot;&gt;...&lt;/div&gt;
  (Session info: chrome=107.0.5304.106)
Build info: version: &#039;4.4.0&#039;, revision: &#039;e5c75ed026a&#039;
System info: host: &#039;SSTINDEVLP1071&#039;, ip: &#039;192.168.1.11&#039;, os.name: &#039;Windows 10&#039;, os.arch: &#039;amd64&#039;, os.version: &#039;10.0&#039;, java.version: &#039;17.0.5&#039;
Driver info: org.openqa.selenium.chrome.ChromeDriver
Command: [19c03b83cea5aa4a69fa42a7e25bb848, clickElement {id=bf7392ca-3001-4ee7-8ab9-ff491080ea64}]
Capabilities {acceptInsecureCerts: false, browserName: chrome, browserVersion: 107.0.5304.106, chrome: {chromedriverVersion: 107.0.5304.62 (1eec40d3a576..., userDataDir: C:\Users\Ashwini.G\AppData\...}, goog:chromeOptions: {debuggerAddress: localhost:55884}, networkConnectionEnabled: false, pageLoadStrategy: normal, platformName: WINDOWS, proxy: Proxy(), se:cdp: ws://localhost:55884/devtoo..., se:cdpVersion: 107.0.5304.106, setWindowRect: true, strictFileInteractability: false, timeouts: {implicit: 0, pageLoad: 300000, script: 30000}, unhandledPromptBehavior: dismiss and notify, webauthn:extension:credBlob: true, webauthn:extension:largeBlob: true, webauthn:virtualAuthenticators: true}
Element: [[ChromeDriver: chrome on WINDOWS (19c03b83cea5aa4a69fa42a7e25bb848)] -&gt; css selector: .MuiButtonBase-root.MuiIconButton-root.MuiIconButton-colorInherit.MuiIconButton-sizeSmall.css-9ixttz]
Session ID: 19c03b83cea5aa4a69fa42a7e25bb848" type="org.openqa.selenium.ElementClickInterceptedException">
      <![CDATA[org.openqa.selenium.ElementClickInterceptedException: element click intercepted: Element <button class="MuiButtonBase-root MuiIconButton-root MuiIconButton-colorInherit MuiIconButton-sizeSmall css-9ixttz" tabindex="0" type="button">...</button> is not clickable at point (1481, 63). Other element would receive the click: <div class="MuiDialog-container MuiDialog-scrollPaper css-16u656j" role="presentation" tabindex="-1" style="transform: none; transition: transform 225ms cubic-bezier(0, 0, 0.2, 1) 0ms;">...</div>
  (Session info: chrome=107.0.5304.106)
Build info: version: '4.4.0', revision: 'e5c75ed026a'
System info: host: 'SSTINDEVLP1071', ip: '192.168.1.11', os.name: 'Windows 10', os.arch: 'amd64', os.version: '10.0', java.version: '17.0.5'
Driver info: org.openqa.selenium.chrome.ChromeDriver
Command: [19c03b83cea5aa4a69fa42a7e25bb848, clickElement {id=bf7392ca-3001-4ee7-8ab9-ff491080ea64}]
Capabilities {acceptInsecureCerts: false, browserName: chrome, browserVersion: 107.0.5304.106, chrome: {chromedriverVersion: 107.0.5304.62 (1eec40d3a576..., userDataDir: C:\Users\Ashwini.G\AppData\...}, goog:chromeOptions: {debuggerAddress: localhost:55884}, networkConnectionEnabled: false, pageLoadStrategy: normal, platformName: WINDOWS, proxy: Proxy(), se:cdp: ws://localhost:55884/devtoo..., se:cdpVersion: 107.0.5304.106, setWindowRect: true, strictFileInteractability: false, timeouts: {implicit: 0, pageLoad: 300000, script: 30000}, unhandledPromptBehavior: dismiss and notify, webauthn:extension:credBlob: true, webauthn:extension:largeBlob: true, webauthn:virtualAuthenticators: true}
Element: [[ChromeDriver: chrome on WINDOWS (19c03b83cea5aa4a69fa42a7e25bb848)] -> css selector: .MuiButtonBase-root.MuiIconButton-root.MuiIconButton-colorInherit.MuiIconButton-sizeSmall.css-9ixttz]
Session ID: 19c03b83cea5aa4a69fa42a7e25bb848
at java.base/jdk.internal.reflect.NativeConstructorAccessorImpl.newInstance0(Native Method)
at java.base/jdk.internal.reflect.NativeConstructorAccessorImpl.newInstance(NativeConstructorAccessorImpl.java:77)
at java.base/jdk.internal.reflect.DelegatingConstructorAccessorImpl.newInstance(DelegatingConstructorAccessorImpl.java:45)
at java.base/java.lang.reflect.Constructor.newInstanceWithCaller(Constructor.java:499)
at java.base/java.lang.reflect.Constructor.newInstance(Constructor.java:480)
at org.openqa.selenium.remote.codec.w3c.W3CHttpResponseCodec.createException(W3CHttpResponseCodec.java:200)
at org.openqa.selenium.remote.codec.w3c.W3CHttpResponseCodec.decode(W3CHttpResponseCodec.java:133)
at org.openqa.selenium.remote.codec.w3c.W3CHttpResponseCodec.decode(W3CHttpResponseCodec.java:53)
at org.openqa.selenium.remote.HttpCommandExecutor.execute(HttpCommandExecutor.java:184)
at org.openqa.selenium.remote.service.DriverCommandExecutor.invokeExecute(DriverCommandExecutor.java:167)
at org.openqa.selenium.remote.service.DriverCommandExecutor.execute(DriverCommandExecutor.java:142)
at org.openqa.selenium.remote.RemoteWebDriver.execute(RemoteWebDriver.java:547)
at org.openqa.selenium.remote.RemoteWebElement.execute(RemoteWebElement.java:257)
at org.openqa.selenium.remote.RemoteWebElement.click(RemoteWebElement.java:78)
at com.utils.SeleniumUIUtils.click(SeleniumUIUtils.java:58)
at com.tests.TSLogin.NewAppointment(TSLogin.java:169)
at java.base/jdk.internal.reflect.NativeMethodAccessorImpl.invoke0(Native Method)
at java.base/jdk.internal.reflect.NativeMethodAccessorImpl.invoke(NativeMethodAccessorImpl.java:77)
at java.base/jdk.internal.reflect.DelegatingMethodAccessorImpl.invoke(DelegatingMethodAccessorImpl.java:43)
at java.base/java.lang.reflect.Method.invoke(Method.java:568)
at org.testng.internal.invokers.MethodInvocationHelper.invokeMethod(MethodInvocationHelper.java:139)
at org.testng.internal.invokers.TestInvoker.invokeMethod(TestInvoker.java:677)
at org.testng.internal.invokers.TestInvoker.invokeTestMethod(TestInvoker.java:221)
at org.testng.internal.invokers.MethodRunner.runInSequence(MethodRunner.java:50)
at org.testng.internal.invokers.TestInvoker$MethodInvocationAgent.invoke(TestInvoker.java:962)
at org.testng.internal.invokers.TestInvoker.invokeTestMethods(TestInvoker.java:194)
at org.testng.internal.invokers.TestMethodWorker.invokeTestMethods(TestMethodWorker.java:148)
at org.testng.internal.invokers.TestMethodWorker.run(TestMethodWorker.java:128)
at java.base/java.util.concurrent.ThreadPoolExecutor.runWorker(ThreadPoolExecutor.java:1136)
at java.base/java.util.concurrent.ThreadPoolExecutor$Worker.run(ThreadPoolExecutor.java:635)
at java.base/java.lang.Thread.run(Thread.java:833)
]]>
    </error>
  </testcase> <!-- NewAppointment -->
  <system-out/>
</testsuite> <!-- com.tests.TSLogin -->
