<?xml version="1.0" encoding="UTF-8"?>
<!-- Generated by org.testng.reporters.JUnitReportReporter -->
<testsuite hostname="SSTINDEVLP1071" failures="0" tests="1" name="com.tests.TSLogin" time="16.717" errors="0" timestamp="2022-11-21T18:25:45 IST" skipped="0">
  <testcase classname="com.tests.TSLogin" name="Login" time="16.717"/>
  <system-out/>
</testsuite> <!-- com.tests.TSLogin -->
