<?xml version="1.0" encoding="UTF-8"?>
<!-- Generated by org.testng.reporters.JUnitReportReporter -->
<testsuite hostname="SSTINDEVLP1071" failures="0" tests="4" name="com.tests.TSNavigationPanel" time="35.618" errors="0" timestamp="2022-11-11T10:03:35 IST" skipped="0">
  <testcase classname="com.tests.TSNavigationPanel" name="VerifyExpandCollapse" time="4.209"/>
  <system-out/>
  <testcase classname="com.tests.TSNavigationPanel" name="verifyAllIconsOnCollapse" time="5.299"/>
  <system-out/>
  <testcase classname="com.tests.TSNavigationPanel" name="verifyUserAccountIconOnExpand" time="3.083"/>
  <system-out/>
  <testcase classname="com.tests.TSNavigationPanel" name="verifyIconsOnExpandCorrespondingToRoles" time="23.027"/>
  <system-out/>
</testsuite> <!-- com.tests.TSNavigationPanel -->
