<?xml version="1.0" encoding="UTF-8"?>
<!-- Generated by org.testng.reporters.JUnitReportReporter -->
<testsuite hostname="SSTINDEVLP1071" failures="0" tests="3" name="com.tests.TSNewAppointment" time="168.811" errors="0" timestamp="2022-12-16T16:16:33 IST" skipped="2">
  <testcase classname="com.tests.TSNewAppointment" name="RejectAppointment" time="168.811"/>
  <system-out/>
  <testcase classname="com.tests.TSNewAppointment" name="NewAppointment">
    <skipped/>
  </testcase> <!-- NewAppointment -->
  <system-out/>
  <testcase classname="com.tests.TSNewAppointment" name="NewAppointmentRecordAvailabilityByFilter">
    <skipped/>
  </testcase> <!-- NewAppointmentRecordAvailabilityByFilter -->
  <system-out/>
</testsuite> <!-- com.tests.TSNewAppointment -->
