<?xml version="1.0" encoding="UTF-8"?>
<!-- Generated by org.testng.reporters.JUnitReportReporter -->
<testsuite hostname="SSTINDEVLP1071" failures="0" tests="2" name="com.tests.TSDashboard" time="15.962" errors="0" timestamp="2022-11-11T10:03:35 IST" skipped="0">
  <testcase classname="com.tests.TSDashboard" name="VerifySummaryPageRecordscorrespondToShowingDate" time="7.042"/>
  <system-out/>
  <testcase classname="com.tests.TSDashboard" name="ActionsViewIconClick" time="8.920"/>
  <system-out/>
</testsuite> <!-- com.tests.TSDashboard -->
