<?xml version="1.0" encoding="UTF-8"?>
<!-- Generated by org.testng.reporters.JUnitReportReporter -->
<testsuite hostname="SSTINDEVLP1071" failures="0" tests="2" name="com.tests.TSManageUsers" time="15.528" errors="0" timestamp="2022-11-11T10:03:35 IST" skipped="1">
  <testcase classname="com.tests.TSManageUsers" name="VerifyUsersCorrespondingToTheShowing" time="15.528"/>
  <system-out/>
  <testcase classname="com.tests.TSManageUsers" name="VerifyUsersRolesAccessiblity">
    <skipped/>
  </testcase> <!-- VerifyUsersRolesAccessiblity -->
  <system-out/>
</testsuite> <!-- com.tests.TSManageUsers -->
